<?xml version="1.0" encoding="UTF-8"?>
<testsuite name="com.example.foodorderapplication.FoodOrderApplicationTests" tests="1" skipped="0" failures="0" errors="0" timestamp="2024-11-19T11:09:57" hostname="김규남" time="0.783">
  <properties/>
  <testcase name="contextLoads()" classname="com.example.foodorderapplication.FoodOrderApplicationTests" time="0.783"/>
  <system-out><![CDATA[20:09:49.169 [Test worker] INFO org.springframework.test.context.support.AnnotationConfigContextLoaderUtils -- Could not detect default configuration classes for test class [com.example.foodorderapplication.FoodOrderApplicationTests]: FoodOrderApplicationTests does not declare any static, non-private, non-final, nested classes annotated with @Configuration.
20:09:49.376 [Test worker] INFO org.springframework.boot.test.context.SpringBootTestContextBootstrapper -- Found @SpringBootConfiguration com.example.foodorderapplication.FoodOrderApplication for test class com.example.foodorderapplication.FoodOrderApplicationTests

  .   ____          _            __ _ _
 /\\ / ___'_ __ _ _(_)_ __  __ _ \ \ \ \
( ( )\___ | '_ | '_| | '_ \/ _` | \ \ \ \
 \\/  ___)| |_)| | | | | || (_| |  ) ) ) )
  '  |____| .__|_| |_|_| |_\__, | / / / /
 =========|_|==============|___/=/_/_/_/

 :: Spring Boot ::                (v3.3.5)

2024-11-19T20:09:50.236+09:00  INFO 4408 --- [    Test worker] c.e.f.FoodOrderApplicationTests          : Starting FoodOrderApplicationTests using Java 17.0.9 with PID 4408 (started by ggn11 in C:\Users\ggn11\IdeaProjects\FoodOrderApplication)
2024-11-19T20:09:50.238+09:00  INFO 4408 --- [    Test worker] c.e.f.FoodOrderApplicationTests          : No active profile set, falling back to 1 default profile: "default"
2024-11-19T20:09:51.469+09:00  INFO 4408 --- [    Test worker] .s.d.r.c.RepositoryConfigurationDelegate : Bootstrapping Spring Data JPA repositories in DEFAULT mode.
2024-11-19T20:09:51.570+09:00  INFO 4408 --- [    Test worker] .s.d.r.c.RepositoryConfigurationDelegate : Finished Spring Data repository scanning in 83 ms. Found 1 JPA repository interface.
2024-11-19T20:09:52.390+09:00  INFO 4408 --- [    Test worker] o.hibernate.jpa.internal.util.LogHelper  : HHH000204: Processing PersistenceUnitInfo [name: default]
2024-11-19T20:09:52.529+09:00  INFO 4408 --- [    Test worker] org.hibernate.Version                    : HHH000412: Hibernate ORM core version 6.5.3.Final
2024-11-19T20:09:52.608+09:00  INFO 4408 --- [    Test worker] o.h.c.internal.RegionFactoryInitiator    : HHH000026: Second-level cache disabled
2024-11-19T20:09:53.244+09:00  INFO 4408 --- [    Test worker] o.s.o.j.p.SpringPersistenceUnitInfo      : No LoadTimeWeaver setup: ignoring JPA class transformer
2024-11-19T20:09:53.295+09:00  INFO 4408 --- [    Test worker] com.zaxxer.hikari.HikariDataSource       : HikariPool-1 - Starting...
2024-11-19T20:09:53.941+09:00  INFO 4408 --- [    Test worker] com.zaxxer.hikari.pool.HikariPool        : HikariPool-1 - Added connection com.mysql.cj.jdbc.ConnectionImpl@720c8f80
2024-11-19T20:09:53.945+09:00  INFO 4408 --- [    Test worker] com.zaxxer.hikari.HikariDataSource       : HikariPool-1 - Start completed.
2024-11-19T20:09:55.722+09:00  INFO 4408 --- [    Test worker] o.h.e.t.j.p.i.JtaPlatformInitiator       : HHH000489: No JTA platform available (set 'hibernate.transaction.jta.platform' to enable JTA platform integration)
2024-11-19T20:09:55.830+09:00  INFO 4408 --- [    Test worker] j.LocalContainerEntityManagerFactoryBean : Initialized JPA EntityManagerFactory for persistence unit 'default'
2024-11-19T20:09:56.636+09:00  WARN 4408 --- [    Test worker] JpaBaseConfiguration$JpaWebConfiguration : spring.jpa.open-in-view is enabled by default. Therefore, database queries may be performed during view rendering. Explicitly configure spring.jpa.open-in-view to disable this warning
2024-11-19T20:09:57.340+09:00  INFO 4408 --- [    Test worker] c.e.f.FoodOrderApplicationTests          : Started FoodOrderApplicationTests in 7.671 seconds (process running for 9.814)
]]></system-out>
  <system-err><![CDATA[]]></system-err>
</testsuite>
